<?xml version='1.0' encoding='UTF-8'?>
<testsuite hostname="hussainnaqvi-Inspiron-3531" name="RISC_V.ALUTest" tests="1" errors="0" failures="1" skipped="0" time="8.423" timestamp="2021-10-17T02:16:51">
                     <properties>
[...]
</properties>
                     <testcase classname="RISC_V.ALUTest" name="ALU PARA" time="8.423">
                                                 <failure message="io_alu_out=-33 (-0x21) did not equal expected=45 (0x2d) (lines in ALUTest.scala: 11)" type="org.scalatest.exceptions.TestFailedException">org.scalatest.exceptions.TestFailedException: io_alu_out=-33 (-0x21) did not equal expected=45 (0x2d) (lines in ALUTest.scala: 11)
	at chiseltest.internal.TestEnvInterface.testerExpect(TestEnvInterface.scala:107)
	at chiseltest.internal.TestEnvInterface.testerExpect$(TestEnvInterface.scala:70)
	at RISC_V.ALUTest.testerExpect(ALUTest.scala:8)
	at chiseltest.backends.treadle.TreadleBackend.expectBits(TreadleBackend.scala:92)
	at chiseltest.package$testableData.expectWithStale(package.scala:167)
	at chiseltest.package$testableData.expect(package.scala:193)
	at RISC_V.ALUTest.$anonfun$new$3(ALUTest.scala:15)
	at RISC_V.ALUTest.$anonfun$new$3$adapted(ALUTest.scala:11)
	at chiseltest.backends.treadle.TreadleBackend.$anonfun$run$1(TreadleBackend.scala:152)
	at chiseltest.internal.ThreadedBackend$TesterThread$$anon$1.$anonfun$run$1(ThreadedBackend.scala:507)
	at chiseltest.backends.treadle.TreadleBackend.doTimescope(TreadleBackend.scala:109)
	at chiseltest.internal.ThreadedBackend$TesterThread$$anon$1.run(ThreadedBackend.scala:507)
	at java.base/java.lang.Thread.run(Thread.java:831)
Caused by: chiseltest.internal.FailedExpectException: io_alu_out=-33 (-0x21) did not equal expected=45 (0x2d) (lines in ALUTest.scala: 11)
	... 13 more
</failure>
                                               </testcase>
                     <system-out><![CDATA[]]></system-out>
                     <system-err><![CDATA[]]></system-err>
                   </testsuite>