<?xml version='1.0' encoding='UTF-8'?>
<testsuite hostname="hussainnaqvi-Inspiron-3531" name="example.lab2task2Test" tests="4" errors="0" failures="4" skipped="0" time="6.793" timestamp="2021-09-21T20:08:15">
                     <properties>
[...]
</properties>
                     <testcase classname="example.lab2task2Test" name="Lab 2 Task 2_0" time="4.412">
                                                 <failure message="Cannot reassign to read-only Bool(OpResult in lab2task2)" type="chisel3.internal.ChiselException">chisel3.internal.ChiselException: Cannot reassign to read-only Bool(OpResult in lab2task2)
	at ... ()
	at example.lab2task2.&lt;init&gt;(lab2task2.scala:16)
	at example.lab2task2Test.$anonfun$new$2(lab2task2Test.scala:9)
	at ... ()
	at ... (Stack trace trimmed to user code only. Rerun with --full-stacktrace to see the full stack trace)
</failure>
                                               </testcase><testcase classname="example.lab2task2Test" name="Lab 2 Task 2_1" time="0.924">
                                                 <failure message="Cannot reassign to read-only Bool(OpResult in lab2task2)" type="chisel3.internal.ChiselException">chisel3.internal.ChiselException: Cannot reassign to read-only Bool(OpResult in lab2task2)
	at ... ()
	at example.lab2task2.&lt;init&gt;(lab2task2.scala:16)
	at example.lab2task2Test.$anonfun$new$5(lab2task2Test.scala:22)
	at ... ()
	at ... (Stack trace trimmed to user code only. Rerun with --full-stacktrace to see the full stack trace)
</failure>
                                               </testcase><testcase classname="example.lab2task2Test" name="Lab 2 Task 2_2" time="0.833">
                                                 <failure message="Cannot reassign to read-only Bool(OpResult in lab2task2)" type="chisel3.internal.ChiselException">chisel3.internal.ChiselException: Cannot reassign to read-only Bool(OpResult in lab2task2)
	at ... ()
	at example.lab2task2.&lt;init&gt;(lab2task2.scala:16)
	at example.lab2task2Test.$anonfun$new$8(lab2task2Test.scala:35)
	at ... ()
	at ... (Stack trace trimmed to user code only. Rerun with --full-stacktrace to see the full stack trace)
</failure>
                                               </testcase><testcase classname="example.lab2task2Test" name="Lab 2 Task 2_3" time="0.624">
                                                 <failure message="Cannot reassign to read-only Bool(OpResult in lab2task2)" type="chisel3.internal.ChiselException">chisel3.internal.ChiselException: Cannot reassign to read-only Bool(OpResult in lab2task2)
	at ... ()
	at example.lab2task2.&lt;init&gt;(lab2task2.scala:16)
	at example.lab2task2Test.$anonfun$new$11(lab2task2Test.scala:48)
	at ... ()
	at ... (Stack trace trimmed to user code only. Rerun with --full-stacktrace to see the full stack trace)
</failure>
                                               </testcase>
                     <system-out><![CDATA[]]></system-out>
                     <system-err><![CDATA[]]></system-err>
                   </testsuite>