<?xml version='1.0' encoding='UTF-8'?>
<testsuite hostname="hussainnaqvi-Inspiron-3531" name="RISC_V.ALUTest" tests="1" errors="0" failures="1" skipped="0" time="8.423" timestamp="2021-10-17T02:16:51">
                     <properties>
      <property name="java.specification.version" value="16"/><property name="sun.jnu.encoding" value="UTF-8"/><property name="sun.arch.data.model" value="64"/><property name="java.vendor.url" value="Unknown"/><property name="sun.boot.library.path" value="/usr/lib/jvm/java-16-openjdk-amd64/lib"/><property name="sun.java.command" value="/home/hussainnaqvi/.cache/sbt/boot/sbt-launch/1.5.5/sbt-launch-1.5.5.jar"/><property name="jdk.debug" value="release"/><property name="java.specification.vendor" value="Oracle Corporation"/><property name="java.version.date" value="2021-04-20"/><property name="java.home" value="/usr/lib/jvm/java-16-openjdk-amd64"/><property name="file.separator" value="/"/><property name="java.vm.compressedOopsMode" value="32-bit"/><property name="line.separator" value="
"/><property name="java.specification.name" value="Java Platform API Specification"/><property name="java.vm.specification.vendor" value="Oracle Corporation"/><property name="sun.management.compiler" value="HotSpot 64-Bit Tiered Compilers"/><property name="java.runtime.version" value="16.0.1+9-Ubuntu-120.04"/><property name="user.name" value="hussainnaqvi"/><property name="log4j.ignoreTCL" value="true"/><property name="file.encoding" value="UTF-8"/><property name="jnidispatch.path" value="/home/hussainnaqvi/.cache/JNA/temp/jna9790232672588485277.tmp"/><property name="jna.loaded" value="true"/><property name="java.io.tmpdir" value="/tmp"/><property name="java.version" value="16.0.1"/><property name="java.vm.specification.name" value="Java Virtual Machine Specification"/><property name="java.library.path" value="/usr/java/packages/lib:/usr/lib/x86_64-linux-gnu/jni:/lib/x86_64-linux-gnu:/usr/lib/x86_64-linux-gnu:/usr/lib/jni:/lib:/usr/lib"/><property name="java.vendor" value="Private Build"/><property name="scala.ext.dirs" value="/home/hussainnaqvi/.sbt/1.0/java9-rt-ext-private_build_16_0_1"/><property name="sun.io.unicode.encoding" value="UnicodeLittle"/><property name="java.class.path" value="/home/hussainnaqvi/.cache/sbt/boot/sbt-launch/1.5.5/sbt-launch-1.5.5.jar"/><property name="java.vm.vendor" value="Private Build"/><property name="jline.shutdownhook" value="false"/><property name="user.timezone" value="Asia/Karachi"/><property name="java.vm.specification.version" value="16"/><property name="os.name" value="Linux"/><property name="sun.java.launcher" value="SUN_STANDARD"/><property name="user.country" value="US"/><property name="sun.cpu.endian" value="little"/><property name="user.home" value="/home/hussainnaqvi"/><property name="user.language" value="en"/><property name="swoval.tmpdir" value="/home/hussainnaqvi/.sbt/1.0"/><property name="jline.esc.timeout" value="0"/><property name="path.separator" value=":"/><property name="os.version" value="5.11.0-37-generic"/><property name="jna.nosys" value="true"/><property name="java.runtime.name" value="OpenJDK Runtime Environment"/><property name="java.vm.name" value="OpenJDK 64-Bit Server VM"/><property name="jna.platform.library.path" value="/usr/lib/x86_64-linux-gnu:/lib/x86_64-linux-gnu:/usr/lib64:/lib64:/usr/lib:/lib:/libx32:/lib32"/><property name="java.vendor.url.bug" value="Unknown"/><property name="user.dir" value="/home/hussainnaqvi/Scala-Chisel-Learning-Journey"/><property name="os.arch" value="amd64"/><property name="java.vm.info" value="mixed mode, sharing"/><property name="java.vm.version" value="16.0.1+9-Ubuntu-120.04"/><property name="java.class.version" value="60.0"/>
    </properties>
                     <testcase classname="RISC_V.ALUTest" name="ALU PARA" time="8.423">
                                                 <failure message="io_alu_out=-33 (-0x21) did not equal expected=45 (0x2d) (lines in ALUTest.scala: 11)" type="org.scalatest.exceptions.TestFailedException">org.scalatest.exceptions.TestFailedException: io_alu_out=-33 (-0x21) did not equal expected=45 (0x2d) (lines in ALUTest.scala: 11)
	at chiseltest.internal.TestEnvInterface.testerExpect(TestEnvInterface.scala:107)
	at chiseltest.internal.TestEnvInterface.testerExpect$(TestEnvInterface.scala:70)
	at RISC_V.ALUTest.testerExpect(ALUTest.scala:8)
	at chiseltest.backends.treadle.TreadleBackend.expectBits(TreadleBackend.scala:92)
	at chiseltest.package$testableData.expectWithStale(package.scala:167)
	at chiseltest.package$testableData.expect(package.scala:193)
	at RISC_V.ALUTest.$anonfun$new$3(ALUTest.scala:15)
	at RISC_V.ALUTest.$anonfun$new$3$adapted(ALUTest.scala:11)
	at chiseltest.backends.treadle.TreadleBackend.$anonfun$run$1(TreadleBackend.scala:152)
	at chiseltest.internal.ThreadedBackend$TesterThread$$anon$1.$anonfun$run$1(ThreadedBackend.scala:507)
	at chiseltest.backends.treadle.TreadleBackend.doTimescope(TreadleBackend.scala:109)
	at chiseltest.internal.ThreadedBackend$TesterThread$$anon$1.run(ThreadedBackend.scala:507)
	at java.base/java.lang.Thread.run(Thread.java:831)
Caused by: chiseltest.internal.FailedExpectException: io_alu_out=-33 (-0x21) did not equal expected=45 (0x2d) (lines in ALUTest.scala: 11)
	... 13 more
</failure>
                                               </testcase>
                     <system-out><![CDATA[]]></system-out>
                     <system-err><![CDATA[]]></system-err>
                   </testsuite>