<?xml version='1.0' encoding='UTF-8'?>
<testsuite hostname="hussainnaqvi-Inspiron-3531" name="example.lab2task2Test" tests="4" errors="0" failures="4" skipped="0" time="6.793" timestamp="2021-09-21T20:08:15">
                     <properties>
      <property name="java.specification.version" value="16"/><property name="sun.jnu.encoding" value="UTF-8"/><property name="sun.arch.data.model" value="64"/><property name="java.vendor.url" value="Unknown"/><property name="sun.boot.library.path" value="/usr/lib/jvm/java-16-openjdk-amd64/lib"/><property name="sun.java.command" value="/home/hussainnaqvi/.cache/sbt/boot/sbt-launch/1.5.5/sbt-launch-1.5.5.jar"/><property name="jdk.debug" value="release"/><property name="java.specification.vendor" value="Oracle Corporation"/><property name="java.version.date" value="2021-04-20"/><property name="java.home" value="/usr/lib/jvm/java-16-openjdk-amd64"/><property name="file.separator" value="/"/><property name="java.vm.compressedOopsMode" value="32-bit"/><property name="line.separator" value="
"/><property name="java.specification.name" value="Java Platform API Specification"/><property name="java.vm.specification.vendor" value="Oracle Corporation"/><property name="sun.management.compiler" value="HotSpot 64-Bit Tiered Compilers"/><property name="java.runtime.version" value="16.0.1+9-Ubuntu-120.04"/><property name="user.name" value="hussainnaqvi"/><property name="log4j.ignoreTCL" value="true"/><property name="file.encoding" value="UTF-8"/><property name="jnidispatch.path" value="/home/hussainnaqvi/.cache/JNA/temp/jna7789288849555694774.tmp"/><property name="jna.loaded" value="true"/><property name="java.io.tmpdir" value="/tmp"/><property name="java.version" value="16.0.1"/><property name="java.vm.specification.name" value="Java Virtual Machine Specification"/><property name="java.library.path" value="/usr/java/packages/lib:/usr/lib/x86_64-linux-gnu/jni:/lib/x86_64-linux-gnu:/usr/lib/x86_64-linux-gnu:/usr/lib/jni:/lib:/usr/lib"/><property name="java.vendor" value="Private Build"/><property name="scala.ext.dirs" value="/home/hussainnaqvi/.sbt/1.0/java9-rt-ext-private_build_16_0_1"/><property name="sun.io.unicode.encoding" value="UnicodeLittle"/><property name="java.class.path" value="/home/hussainnaqvi/.cache/sbt/boot/sbt-launch/1.5.5/sbt-launch-1.5.5.jar"/><property name="java.vm.vendor" value="Private Build"/><property name="jline.shutdownhook" value="false"/><property name="user.timezone" value="Asia/Karachi"/><property name="java.vm.specification.version" value="16"/><property name="os.name" value="Linux"/><property name="sun.java.launcher" value="SUN_STANDARD"/><property name="user.country" value="US"/><property name="sun.cpu.endian" value="little"/><property name="user.home" value="/home/hussainnaqvi"/><property name="user.language" value="en"/><property name="swoval.tmpdir" value="/home/hussainnaqvi/.sbt/1.0"/><property name="jline.esc.timeout" value="0"/><property name="path.separator" value=":"/><property name="os.version" value="5.11.0-27-generic"/><property name="jna.nosys" value="true"/><property name="java.runtime.name" value="OpenJDK Runtime Environment"/><property name="java.vm.name" value="OpenJDK 64-Bit Server VM"/><property name="jna.platform.library.path" value="/usr/lib/x86_64-linux-gnu:/lib/x86_64-linux-gnu:/usr/lib64:/lib64:/usr/lib:/lib:/libx32:/lib32"/><property name="java.vendor.url.bug" value="Unknown"/><property name="user.dir" value="/home/hussainnaqvi/Scala-Chisel-Learning-Journey"/><property name="os.arch" value="amd64"/><property name="java.vm.info" value="mixed mode, sharing"/><property name="java.vm.version" value="16.0.1+9-Ubuntu-120.04"/><property name="java.class.version" value="60.0"/>
    </properties>
                     <testcase classname="example.lab2task2Test" name="Lab 2 Task 2_0" time="4.412">
                                                 <failure message="Cannot reassign to read-only Bool(OpResult in lab2task2)" type="chisel3.internal.ChiselException">chisel3.internal.ChiselException: Cannot reassign to read-only Bool(OpResult in lab2task2)
	at ... ()
	at example.lab2task2.&lt;init&gt;(lab2task2.scala:16)
	at example.lab2task2Test.$anonfun$new$2(lab2task2Test.scala:9)
	at ... ()
	at ... (Stack trace trimmed to user code only. Rerun with --full-stacktrace to see the full stack trace)
</failure>
                                               </testcase><testcase classname="example.lab2task2Test" name="Lab 2 Task 2_1" time="0.924">
                                                 <failure message="Cannot reassign to read-only Bool(OpResult in lab2task2)" type="chisel3.internal.ChiselException">chisel3.internal.ChiselException: Cannot reassign to read-only Bool(OpResult in lab2task2)
	at ... ()
	at example.lab2task2.&lt;init&gt;(lab2task2.scala:16)
	at example.lab2task2Test.$anonfun$new$5(lab2task2Test.scala:22)
	at ... ()
	at ... (Stack trace trimmed to user code only. Rerun with --full-stacktrace to see the full stack trace)
</failure>
                                               </testcase><testcase classname="example.lab2task2Test" name="Lab 2 Task 2_2" time="0.833">
                                                 <failure message="Cannot reassign to read-only Bool(OpResult in lab2task2)" type="chisel3.internal.ChiselException">chisel3.internal.ChiselException: Cannot reassign to read-only Bool(OpResult in lab2task2)
	at ... ()
	at example.lab2task2.&lt;init&gt;(lab2task2.scala:16)
	at example.lab2task2Test.$anonfun$new$8(lab2task2Test.scala:35)
	at ... ()
	at ... (Stack trace trimmed to user code only. Rerun with --full-stacktrace to see the full stack trace)
</failure>
                                               </testcase><testcase classname="example.lab2task2Test" name="Lab 2 Task 2_3" time="0.624">
                                                 <failure message="Cannot reassign to read-only Bool(OpResult in lab2task2)" type="chisel3.internal.ChiselException">chisel3.internal.ChiselException: Cannot reassign to read-only Bool(OpResult in lab2task2)
	at ... ()
	at example.lab2task2.&lt;init&gt;(lab2task2.scala:16)
	at example.lab2task2Test.$anonfun$new$11(lab2task2Test.scala:48)
	at ... ()
	at ... (Stack trace trimmed to user code only. Rerun with --full-stacktrace to see the full stack trace)
</failure>
                                               </testcase>
                     <system-out><![CDATA[]]></system-out>
                     <system-err><![CDATA[]]></system-err>
                   </testsuite>