<?xml version='1.0' encoding='UTF-8'?>
<testsuite hostname="hussainnaqvi-Inspiron-3531" name="lab6.lab6ex2Test" tests="1" errors="0" failures="0" skipped="0" time="8.365" timestamp="2021-09-29T14:50:54">
                     <properties>
[...]
</properties>
                     <testcase classname="lab6.lab6ex2Test" name="lab 6 ex 2" time="8.365">
                                                 
                                               </testcase>
                     <system-out><![CDATA[]]></system-out>
                     <system-err><![CDATA[]]></system-err>
                   </testsuite>