[0m[[0m[0mdebug[0m] [0m[0m> Exec(testOnly example.lab3task2Test -- -DwriteVcd=1, Some(90b89aa4-11b7-4e3f-8b0e-7084372650bf), Some(CommandSource(console0)))[0m
[0m[[0m[0mdebug[0m] [0m[0mEvaluating tasks: Test / testOnly[0m
[0m[[0m[0mdebug[0m] [0m[0mRunning task... Cancel: Signal, check cycles: false, forcegc: true[0m
[0m[[0m[0minfo[0m] [0m[0mcompiling 1 Scala source to /home/hussainnaqvi/Scala-Chisel-Learning-Journey/target/scala-2.12/test-classes ...[0m
[0m[[0m[0minfo[0m] [0m[0m[32mlab3task2Test:[0m[0m
[0m[[0m[0minfo[0m] [0m[0m[31m- Immediate Generator *** FAILED ***[0m[0m
[0m[[0m[0minfo[0m] [0m[0m[31m  io_immd_se=12 (0xc) did not equal expected=18 (0x12) (lines in lab3task2Test.scala: 10) (lab3task2Test.scala:13)[0m[0m
[0m[[0m[0minfo[0m] [0m[0m[36mRun completed in 8 seconds, 30 milliseconds.[0m[0m
[0m[[0m[0minfo[0m] [0m[0m[36mTotal number of tests run: 1[0m[0m
[0m[[0m[0minfo[0m] [0m[0m[36mSuites: completed 1, aborted 0[0m[0m
[0m[[0m[0minfo[0m] [0m[0m[36mTests: succeeded 0, failed 1, canceled 0, ignored 0, pending 0[0m[0m
[0m[[0m[0minfo[0m] [0m[0m[31m*** 1 TEST FAILED ***[0m[0m
[0m[[0m[31merror[0m] [0m[0mFailed tests:[0m
[0m[[0m[31merror[0m] [0m[0m	example.lab3task2Test[0m
[0m[[0m[0mdebug[0m] [0m[0mForcing garbage collection...[0m
[0m[[0m[31merror[0m] [0m[0m(Test / [31mtestOnly[0m) sbt.TestsFailedException: Tests unsuccessful[0m
[0m[[0m[31merror[0m] [0m[0mTotal time: 13 s, completed Sep 22, 2021, 12:04:13 PM[0m
[0m[[0m[0mdebug[0m] [0m[0m> Exec(shell, None, None)[0m
