[0m[[0m[0mdebug[0m] [0m[0m> Exec(testOnly RISC_V.ControlTest -- -DwriteVcd=1, Some(22cbd676-240b-4a89-ad98-6b4bffc7fcf2), Some(CommandSource(console0)))[0m
[0m[[0m[0mdebug[0m] [0m[0mEvaluating tasks: Test / testOnly[0m
[0m[[0m[0mdebug[0m] [0m[0mRunning task... Cancel: Signal, check cycles: false, forcegc: true[0m
[0m[[0m[0minfo[0m] [0m[0mcompiling 1 Scala source to /home/hussainnaqvi/Scala-Chisel-Learning-Journey/target/scala-2.12/test-classes ...[0m
[0m[[0m[0minfo[0m] [0m[0m[32mControlTest:[0m[0m
[0m[[0m[0minfo[0m] [0m[0m[31m- Control  *** FAILED ***[0m[0m
[0m[[0m[0minfo[0m] [0m[0m[31m  io_operand_A_sel=0 (0x0) did not equal expected=2 (0x2) (lines in ControlTest.scala: 9) (ControlTest.scala:18)[0m[0m
[0m[[0m[0minfo[0m] [0m[0m[36mRun completed in 10 seconds, 258 milliseconds.[0m[0m
[0m[[0m[0minfo[0m] [0m[0m[36mTotal number of tests run: 1[0m[0m
[0m[[0m[0minfo[0m] [0m[0m[36mSuites: completed 1, aborted 0[0m[0m
[0m[[0m[0minfo[0m] [0m[0m[36mTests: succeeded 0, failed 1, canceled 0, ignored 0, pending 0[0m[0m
[0m[[0m[0minfo[0m] [0m[0m[31m*** 1 TEST FAILED ***[0m[0m
[0m[[0m[31merror[0m] [0m[0mFailed tests:[0m
[0m[[0m[31merror[0m] [0m[0m	RISC_V.ControlTest[0m
[0m[[0m[31merror[0m] [0m[0m(Test / [31mtestOnly[0m) sbt.TestsFailedException: Tests unsuccessful[0m
[0m[[0m[31merror[0m] [0m[0mTotal time: 16 s, completed Oct 14, 2021, 1:03:57 PM[0m
[0m[[0m[0mdebug[0m] [0m[0m> Exec(shell, None, None)[0m
