[0m[[0m[0mdebug[0m] [0m[0m> Exec(testOnly RISC_V.BranchTest -- -DwriteVcd=1, Some(8e57ed79-fa7c-4611-9458-ccd096bc06f6), Some(CommandSource(console0)))[0m
[0m[[0m[0mdebug[0m] [0m[0mEvaluating tasks: Test / testOnly[0m
[0m[[0m[0mdebug[0m] [0m[0mRunning task... Cancel: Signal, check cycles: false, forcegc: true[0m
[0m[[0m[0minfo[0m] [0m[0mcompiling 1 Scala source to /home/hussainnaqvi/Scala-Chisel-Learning-Journey/target/scala-2.12/classes ...[0m
[0m[[0m[0minfo[0m] [0m[0mcompiling 1 Scala source to /home/hussainnaqvi/Scala-Chisel-Learning-Journey/target/scala-2.12/test-classes ...[0m
[0m[[0m[33mwarn[0m] [0m[0m/home/hussainnaqvi/Scala-Chisel-Learning-Journey/src/test/scala/RISC_V/BranchTest.scala:23:26: match may not be exhaustive.[0m
[0m[[0m[33mwarn[0m] [0m[0mIt would fail on the following inputs: Bool(), UInt()[0m
[0m[[0m[33mwarn[0m] [0m[0m            val result = func3 match {[0m
[0m[[0m[33mwarn[0m] [0m[0m                         ^[0m
[0m[[0m[33mwarn[0m] [0m[0mone warning found[0m
[0m[[0m[0minfo[0m] [0m[0m[32mBranchTest:[0m[0m
[0m[[0m[0minfo[0m] [0m[0m[31m- SB *** FAILED ***[0m[0m
[0m[[0m[0minfo[0m] [0m[0m[31m  chisel3.package$ExpectedChiselTypeException: 'UInt<2>(3)' must be a Chisel type, not hardware[0m[0m
[0m[[0m[0minfo[0m] [0m[0m[31m  at ... ()[0m[0m
[0m[[0m[0minfo[0m] [0m[0m[31m  at RISC_V.LM_IO_Interface_BranchControl.$anonfun$func3$1(Branch.scala:18)[0m[0m
[0m[[0m[0minfo[0m] [0m[0m[31m  at chisel3.internal.plugin.package$.autoNameRecursively(package.scala:52)[0m[0m
[0m[[0m[0minfo[0m] [0m[0m[31m  at RISC_V.LM_IO_Interface_BranchControl.<init>(Branch.scala:18)[0m[0m
[0m[[0m[0minfo[0m] [0m[0m[31m  at RISC_V.Branch.$anonfun$io$2(Branch.scala:26)[0m[0m
[0m[[0m[0minfo[0m] [0m[0m[31m  at chisel3.internal.prefix$.apply(prefix.scala:49)[0m[0m
[0m[[0m[0minfo[0m] [0m[0m[31m  at RISC_V.Branch.$anonfun$io$1(Branch.scala:26)[0m[0m
[0m[[0m[0minfo[0m] [0m[0m[31m  at chisel3.internal.plugin.package$.autoNameRecursively(package.scala:52)[0m[0m
[0m[[0m[0minfo[0m] [0m[0m[31m  at RISC_V.Branch.<init>(Branch.scala:26)[0m[0m
[0m[[0m[0minfo[0m] [0m[0m[31m  at RISC_V.BranchTest.$anonfun$new$2(BranchTest.scala:14)[0m[0m
[0m[[0m[0minfo[0m] [0m[0m[31m  ...[0m[0m
[0m[[0m[0minfo[0m] [0m[0m[36mRun completed in 2 seconds, 453 milliseconds.[0m[0m
[0m[[0m[0minfo[0m] [0m[0m[36mTotal number of tests run: 1[0m[0m
[0m[[0m[0minfo[0m] [0m[0m[36mSuites: completed 1, aborted 0[0m[0m
[0m[[0m[0minfo[0m] [0m[0m[36mTests: succeeded 0, failed 1, canceled 0, ignored 0, pending 0[0m[0m
[0m[[0m[0minfo[0m] [0m[0m[31m*** 1 TEST FAILED ***[0m[0m
[0m[[0m[31merror[0m] [0m[0mFailed tests:[0m
[0m[[0m[31merror[0m] [0m[0m	RISC_V.BranchTest[0m
[0m[[0m[31merror[0m] [0m[0m(Test / [31mtestOnly[0m) sbt.TestsFailedException: Tests unsuccessful[0m
[0m[[0m[31merror[0m] [0m[0mTotal time: 9 s, completed Oct 8, 2021, 12:57:48 PM[0m
[0m[[0m[0mdebug[0m] [0m[0m> Exec(shell, None, None)[0m
