[0m[[0m[0mdebug[0m] [0m[0m> Exec(testOnly RISC_V.Alu_ControlTest -- -DwriteVcd=1, Some(813729e5-50fd-4126-9978-42871e0d8e67), Some(CommandSource(console0)))[0m
[0m[[0m[0mdebug[0m] [0m[0mEvaluating tasks: Test / testOnly[0m
[0m[[0m[0mdebug[0m] [0m[0mRunning task... Cancel: Signal, check cycles: false, forcegc: true[0m
[0m[[0m[0minfo[0m] [0m[0mcompiling 1 Scala source to /home/hussainnaqvi/Scala-Chisel-Learning-Journey/target/scala-2.12/classes ...[0m
[0m[[0m[0minfo[0m] [0m[0m[32mAlu_ControlTest:[0m[0m
[0m[[0m[0minfo[0m] [0m[0m[31m- ALU CONTROL *** FAILED ***[0m[0m
[0m[[0m[0minfo[0m] [0m[0m[31m  chisel3.package$ExpectedChiselTypeException: 'UInt<2>(3)' must be a Chisel type, not hardware[0m[0m
[0m[[0m[0minfo[0m] [0m[0m[31m  at ... ()[0m[0m
[0m[[0m[0minfo[0m] [0m[0m[31m  at RISC_V.ALU_IO.$anonfun$ALUop$1(Alu_Control.scala:8)[0m[0m
[0m[[0m[0minfo[0m] [0m[0m[31m  at chisel3.internal.plugin.package$.autoNameRecursively(package.scala:52)[0m[0m
[0m[[0m[0minfo[0m] [0m[0m[31m  at RISC_V.ALU_IO.<init>(Alu_Control.scala:8)[0m[0m
[0m[[0m[0minfo[0m] [0m[0m[31m  at RISC_V.Alu_Control.$anonfun$io$2(Alu_Control.scala:15)[0m[0m
[0m[[0m[0minfo[0m] [0m[0m[31m  at chisel3.internal.prefix$.apply(prefix.scala:49)[0m[0m
[0m[[0m[0minfo[0m] [0m[0m[31m  at RISC_V.Alu_Control.$anonfun$io$1(Alu_Control.scala:15)[0m[0m
[0m[[0m[0minfo[0m] [0m[0m[31m  at chisel3.internal.plugin.package$.autoNameRecursively(package.scala:52)[0m[0m
[0m[[0m[0minfo[0m] [0m[0m[31m  at RISC_V.Alu_Control.<init>(Alu_Control.scala:15)[0m[0m
[0m[[0m[0minfo[0m] [0m[0m[31m  at RISC_V.Alu_ControlTest.$anonfun$new$2(Alu_ControlTest.scala:10)[0m[0m
[0m[[0m[0minfo[0m] [0m[0m[31m  ...[0m[0m
[0m[[0m[0minfo[0m] [0m[0m[36mRun completed in 2 seconds, 375 milliseconds.[0m[0m
[0m[[0m[0minfo[0m] [0m[0m[36mTotal number of tests run: 1[0m[0m
[0m[[0m[0minfo[0m] [0m[0m[36mSuites: completed 1, aborted 0[0m[0m
[0m[[0m[0minfo[0m] [0m[0m[36mTests: succeeded 0, failed 1, canceled 0, ignored 0, pending 0[0m[0m
[0m[[0m[0minfo[0m] [0m[0m[31m*** 1 TEST FAILED ***[0m[0m
[0m[[0m[31merror[0m] [0m[0mFailed tests:[0m
[0m[[0m[31merror[0m] [0m[0m	RISC_V.Alu_ControlTest[0m
[0m[[0m[31merror[0m] [0m[0m(Test / [31mtestOnly[0m) sbt.TestsFailedException: Tests unsuccessful[0m
[0m[[0m[31merror[0m] [0m[0mTotal time: 10 s, completed Oct 8, 2021, 4:29:34 PM[0m
[0m[[0m[0mdebug[0m] [0m[0m> Exec(shell, None, None)[0m
[0m[[0m[0mdebug[0m] [0m[0mForcing garbage collection...[0m
